<?xml version="1.0" encoding="UTF-8"?>
<!-- Generated by org.testng.reporters.JUnitXMLReporter -->
<testsuite ignored="0" hostname="LAPTOP-QS8DG931" failures="0" tests="3" name="Submit Order Test" time="22.128" errors="0" timestamp="2025-08-27T23:31:53 IST">
  <testcase classname="raubin.tests.SubmitOrderTest" name="submitOrder" time="4.032"/>
  <testcase classname="raubin.tests.SubmitOrderTest" name="submitOrder" time="3.249"/>
  <testcase classname="raubin.tests.SubmitOrderTest" name="OrderHistoryTest" time="0.751"/>
</testsuite> <!-- Submit Order Test -->
