<?xml version="1.0" encoding="UTF-8"?>
<!-- Generated by org.testng.reporters.JUnitXMLReporter -->
<testsuite ignored="0" hostname="LAPTOP-QS8DG931" failures="0" tests="3" name="Submit Order Test" time="22.943" errors="0" timestamp="2025-09-03T17:20:22 IST">
  <testcase classname="raubin.tests.SubmitOrderTest" name="submitOrder" time="4.226"/>
  <testcase classname="raubin.tests.SubmitOrderTest" name="submitOrder" time="3.483"/>
  <testcase classname="raubin.tests.SubmitOrderTest" name="OrderHistoryTest" time="0.873"/>
</testsuite> <!-- Submit Order Test -->
